[2022-08-11T01:26:17.479Z] Log level: Info
[2022-08-11T01:26:17.480Z] [info] Validating found git in: git
[2022-08-11T01:26:17.493Z] [info] Using git 2.37.1 from git
[2022-08-11T01:26:17.507Z] > git rev-parse --show-toplevel [4ms]
[2022-08-11T01:26:17.516Z] > git rev-parse --git-dir --git-common-dir [2ms]
[2022-08-11T01:26:17.524Z] [info] Open repository: /home/potato
[2022-08-11T01:26:17.675Z] > git status -z -uall [141ms]
[2022-08-11T01:26:17.865Z] > git show --textconv :arch-setup-test.sh [5ms]
[2022-08-11T01:26:17.866Z] > git ls-files --stage -- /home/potato/arch-setup-test.sh [2ms]
[2022-08-11T01:26:17.871Z] > git cat-file -s cff3daa8ac182c3ba40678ba3930271a2b125891 [1ms]
[2022-08-11T01:26:18.057Z] > git check-ignore -v -z --stdin [1ms]
[2022-08-11T01:26:25.207Z] > git show --textconv :arch-setup.sh [12ms]
[2022-08-11T01:26:25.209Z] > git ls-files --stage -- /home/potato/arch-setup.sh [3ms]
[2022-08-11T01:27:10.104Z] > git show --textconv :private-git/arch-setup-test.sh [5ms]
[2022-08-11T01:27:10.105Z] > git ls-files --stage -- /home/potato/private-git/arch-setup-test.sh [1ms]
[2022-08-11T01:27:10.371Z] > git check-ignore -v -z --stdin [5ms]
[2022-08-11T01:27:12.338Z] > git symbolic-ref --short HEAD [1ms]
[2022-08-11T01:27:12.342Z] > git for-each-ref --format=%(refname)%00%(upstream:short)%00%(objectname)%00%(upstream:track)%00%(upstream:remotename)%00%(upstream:remoteref) refs/heads/main refs/remotes/main [1ms]
[2022-08-11T01:27:12.350Z] > git remote --verbose [2ms]
[2022-08-11T01:27:12.350Z] > git for-each-ref --sort -committerdate --format %(refname) %(objectname) %(*objectname) [5ms]
[2022-08-11T01:27:12.462Z] > git config --get commit.template [2ms]
[2022-08-11T01:27:13.947Z] > git status -z -uall [1480ms]
[2022-08-11T01:27:13.947Z] > git symbolic-ref --short HEAD [5ms]
[2022-08-11T01:27:13.955Z] > git for-each-ref --format=%(refname)%00%(upstream:short)%00%(objectname)%00%(upstream:track)%00%(upstream:remotename)%00%(upstream:remoteref) refs/heads/main refs/remotes/main [2ms]
[2022-08-11T01:27:13.966Z] > git for-each-ref --sort -committerdate --format %(refname) %(objectname) %(*objectname) [5ms]
[2022-08-11T01:27:13.967Z] > git remote --verbose [2ms]
[2022-08-11T01:27:14.054Z] > git config --get commit.template [1ms]
