2022-08-08T01:54:47.334Z [ELECTRON:user-action] info: onSubscribed|"sharkState"
2022-08-08T01:54:47.337Z [ELECTRON:user-action] info: onSubscribed:success
2022-08-08T01:54:47.679Z [ELECTRON:user-action] info: refetchLocations|{"throws":true}
2022-08-08T01:54:47.719Z [ELECTRON:user-action] info: getUserData
2022-08-08T01:54:48.727Z [ELECTRON:user-action] info: disconnect|undefined
2022-08-08T01:54:48.792Z [ELECTRON:ipc-client] debug: Call ipc method disconnect
2022-08-08T01:54:48.792Z [ELECTRON:ipc-client] debug: Call ipc method disconnect
2022-08-08T01:54:48.808Z [ELECTRON:ipc-client] debug: Call ipc method getState
2022-08-08T01:54:48.811Z [ELECTRON:ipc-client] debug: Call ipc method remove
2022-08-08T01:54:48.815Z [ELECTRON:ipc-client] debug: Call ipc method removeIPV6Connection
2022-08-08T01:54:49.334Z [ELECTRON:ipc-client] debug: Call ipc method remove
2022-08-08T01:54:49.864Z [ELECTRON:ipc-client] debug: Call ipc method removeIPV6Connection
2022-08-08T01:54:49.936Z [ELECTRON:user-action] info: disconnect:success
2022-08-08T01:54:50.139Z [ELECTRON:user-action] info: getUserData
2022-08-08T01:54:50.684Z [ELECTRON:fetch] info: GET /v4/server/clusters/all	 timed out
2022-08-08T01:54:50.685Z [ELECTRON:user-action] info: refetchLocations:error /v4/server/clusters/all : request error : Request timed out.	
2022-08-08T01:54:50.721Z [ELECTRON:fetch] info: GET /v1/server/user	 timed out
2022-08-08T01:54:50.722Z [ELECTRON:user-action] info: getUserData:error Failed to reach server user api!	network
2022-08-08T01:54:51.814Z [ELECTRON:ipc-client] debug: Call ipc method getState
2022-08-08T01:54:52.689Z [ELECTRON:fetch] info: GET /v1/server/user	request to https://api.surfshark.com/v1/server/user failed, reason: getaddrinfo EAI_AGAIN api.surfshark.com
2022-08-08T01:54:52.690Z [ELECTRON:user-action] info: getUserData:error Failed to reach server user api!	network
